2025-09-18 09:03:04,301 [INFO] 全テーブル処理を開始します
2025-09-18 09:03:04,301 [INFO] --- 処理開始: table=st ---
2025-09-18 09:03:04,301 [INFO] ダウンロード: https://stellabms.xyz/st/score_sub.json (試行 1/3)
2025-09-18 09:03:05,323 [INFO] 取得成功: https://stellabms.xyz/st/score_sub.json -> 2726 要素
2025-09-18 09:03:05,324 [INFO] ダウンロード: https://stellabms.xyz/st/score.json (試行 1/3)
2025-09-18 09:03:06,266 [INFO] 取得成功: https://stellabms.xyz/st/score.json -> 1944 要素
2025-09-18 09:03:06,267 [INFO] ダウンロード: https://stellabms.xyz/st/score_vote.json (試行 1/3)
2025-09-18 09:03:06,632 [INFO] 取得成功: https://stellabms.xyz/st/score_vote.json -> 18 要素
2025-09-18 09:03:06,633 [INFO] st: 除外対象 md5 数 = 1962
2025-09-18 09:03:06,634 [INFO] フィルタ結果: 元 2726 要素, 除外 1962 要素, 残存 764 要素
2025-09-18 09:03:06,641 [INFO] 保存完了: /home/runner/work/stellaverse-rejected/stellaverse-rejected/docs/st/score.json (合計 764 要素)
2025-09-18 09:03:06,641 [INFO] --- 処理完了: table=st ---
2025-09-18 09:03:06,643 [INFO] --- 処理開始: table=sl ---
2025-09-18 09:03:06,643 [INFO] ダウンロード: https://stellabms.xyz/sl/score_sub.json (試行 1/3)
2025-09-18 09:03:07,700 [INFO] 取得成功: https://stellabms.xyz/sl/score_sub.json -> 3540 要素
2025-09-18 09:03:07,701 [INFO] ダウンロード: https://stellabms.xyz/sl/score.json (試行 1/3)
2025-09-18 09:03:08,915 [INFO] 取得成功: https://stellabms.xyz/sl/score.json -> 2024 要素
2025-09-18 09:03:08,915 [INFO] ダウンロード: https://stellabms.xyz/sl/score_vote.json (試行 1/3)
2025-09-18 09:03:09,398 [INFO] 取得成功: https://stellabms.xyz/sl/score_vote.json -> 33 要素
2025-09-18 09:03:09,399 [INFO] sl: 除外対象 md5 数 = 2057
2025-09-18 09:03:09,400 [INFO] フィルタ結果: 元 3540 要素, 除外 2057 要素, 残存 1483 要素
2025-09-18 09:03:09,413 [INFO] 保存完了: /home/runner/work/stellaverse-rejected/stellaverse-rejected/docs/sl/score.json (合計 1483 要素)
2025-09-18 09:03:09,413 [INFO] --- 処理完了: table=sl ---
2025-09-18 09:03:09,416 [INFO] --- 処理開始: table=sn ---
2025-09-18 09:03:09,416 [INFO] ダウンロード: https://stellabms.xyz/sn/score_sub.json (試行 1/3)
2025-09-18 09:03:09,887 [INFO] 取得成功: https://stellabms.xyz/sn/score_sub.json -> 68 要素
2025-09-18 09:03:09,887 [INFO] ダウンロード: https://stellabms.xyz/sn/score.json (試行 1/3)
2025-09-18 09:03:10,639 [INFO] 取得成功: https://stellabms.xyz/sn/score.json -> 49 要素
2025-09-18 09:03:10,639 [INFO] ダウンロード: https://stellabms.xyz/sn/score_vote.json (試行 1/3)
2025-09-18 09:03:10,994 [INFO] 取得成功: https://stellabms.xyz/sn/score_vote.json -> 12 要素
2025-09-18 09:03:10,994 [INFO] sn: 除外対象 md5 数 = 61
2025-09-18 09:03:10,994 [INFO] フィルタ結果: 元 68 要素, 除外 61 要素, 残存 7 要素
2025-09-18 09:03:10,995 [INFO] 保存完了: /home/runner/work/stellaverse-rejected/stellaverse-rejected/docs/sn/score.json (合計 7 要素)
2025-09-18 09:03:10,995 [INFO] --- 処理完了: table=sn ---
2025-09-18 09:03:10,995 [INFO] --- 処理開始: table=so ---
2025-09-18 09:03:10,995 [INFO] ダウンロード: https://stellabms.xyz/so/score_sub.json (試行 1/3)
2025-09-18 09:03:11,559 [INFO] 取得成功: https://stellabms.xyz/so/score_sub.json -> 165 要素
2025-09-18 09:03:11,559 [INFO] ダウンロード: https://stellabms.xyz/so/score.json (試行 1/3)
2025-09-18 09:03:12,209 [INFO] 取得成功: https://stellabms.xyz/so/score.json -> 109 要素
2025-09-18 09:03:12,210 [INFO] ダウンロード: https://stellabms.xyz/so/score_vote.json (試行 1/3)
2025-09-18 09:03:12,591 [INFO] 取得成功: https://stellabms.xyz/so/score_vote.json -> 29 要素
2025-09-18 09:03:12,591 [INFO] so: 除外対象 md5 数 = 138
2025-09-18 09:03:12,591 [INFO] フィルタ結果: 元 165 要素, 除外 138 要素, 残存 27 要素
2025-09-18 09:03:12,592 [INFO] 保存完了: /home/runner/work/stellaverse-rejected/stellaverse-rejected/docs/so/score.json (合計 27 要素)
2025-09-18 09:03:12,592 [INFO] --- 処理完了: table=so ---
2025-09-18 09:03:12,592 [INFO] --- 処理開始: table=dp ---
2025-09-18 09:03:12,592 [INFO] ダウンロード: https://stellabms.xyz/dp/score_sub.json (試行 1/3)
2025-09-18 09:03:13,410 [INFO] 取得成功: https://stellabms.xyz/dp/score_sub.json -> 850 要素
2025-09-18 09:03:13,410 [INFO] ダウンロード: https://stellabms.xyz/dp/score.json (試行 1/3)
2025-09-18 09:03:14,199 [INFO] 取得成功: https://stellabms.xyz/dp/score.json -> 638 要素
2025-09-18 09:03:14,199 [INFO] ダウンロード: https://stellabms.xyz/dp/score_vote.json (試行 1/3)
2025-09-18 09:03:14,760 [INFO] 取得成功: https://stellabms.xyz/dp/score_vote.json -> 5 要素
2025-09-18 09:03:14,760 [INFO] dp: 除外対象 md5 数 = 643
2025-09-18 09:03:14,760 [INFO] フィルタ結果: 元 850 要素, 除外 643 要素, 残存 207 要素
2025-09-18 09:03:14,762 [INFO] 保存完了: /home/runner/work/stellaverse-rejected/stellaverse-rejected/docs/dp/score.json (合計 207 要素)
2025-09-18 09:03:14,762 [INFO] --- 処理完了: table=dp ---
2025-09-18 09:03:14,763 [INFO] --- 処理開始: table=dpst ---
2025-09-18 09:03:14,763 [INFO] ダウンロード: https://stellabms.xyz/dpst/score_sub.json (試行 1/3)
2025-09-18 09:03:15,514 [INFO] 取得成功: https://stellabms.xyz/dpst/score_sub.json -> 192 要素
2025-09-18 09:03:15,514 [INFO] ダウンロード: https://stellabms.xyz/dpst/score.json (試行 1/3)
2025-09-18 09:03:16,235 [INFO] 取得成功: https://stellabms.xyz/dpst/score.json -> 145 要素
2025-09-18 09:03:16,235 [INFO] ダウンロード: https://stellabms.xyz/dpst/score_vote.json (試行 1/3)
2025-09-18 09:03:16,603 [INFO] 取得成功: https://stellabms.xyz/dpst/score_vote.json -> 5 要素
2025-09-18 09:03:16,603 [INFO] dpst: 除外対象 md5 数 = 150
2025-09-18 09:03:16,604 [INFO] フィルタ結果: 元 192 要素, 除外 150 要素, 残存 42 要素
2025-09-18 09:03:16,604 [INFO] 保存完了: /home/runner/work/stellaverse-rejected/stellaverse-rejected/docs/dpst/score.json (合計 42 要素)
2025-09-18 09:03:16,604 [INFO] --- 処理完了: table=dpst ---
2025-09-18 09:03:16,605 [INFO] 全テーブル処理が終了しました
